# JRE version: OpenJDK Runtime Environment Temurin-25+36 (25.0+36) (build 25+36-LTS)
# Java VM: OpenJDK 64-Bit Server VM Temurin-25+36 (25+36-LTS, mixed mode, sharing, tiered, compressed oops, compressed class ptrs, g1 gc, windows-amd64)
GC Precious Log:
 CardTable entry size: 512
 Card Set container configuration: InlinePtr #cards 4 size 8 Array Of Cards #cards 16 size 48 Howl #buckets 8 coarsen threshold 3686 Howl Bitmap #cards 512 size 80 coarsen threshold 460 Card regions per heap region 1 cards per card region 4096
 CPUs: 12 total, 12 available
 Memory: 16087M
 Large Page Support: Disabled
 NUMA Support: Disabled
 Compressed Oops: Enabled (Zero based)
 Heap Region Size: 2M
 Heap Min Capacity: 8M
 Heap Initial Capacity: 252M
 Heap Max Capacity: 4022M
 Pre-touch: Disabled
 Parallel Workers: 10
 Concurrent Workers: 3
 Concurrent Refinement Workers: 10
 Periodic GC: Disabled
Heap:
 garbage-first heap   total reserved 4118528K, committed 98304K, used 67398K [0x0000000704a00000, 0x0000000800000000)
  region size 2048K, 18 young (36864K), 4 survivors (8192K)
GC Heap Usage History (20 events):
Event: 4.554 {heap Before GC invocations=8 (full 0):
 garbage-first heap   total reserved 4118528K, committed 75776K, used 54564K [0x0000000704a00000, 0x0000000800000000)
  region size 2048K, 20 young (40960K), 3 survivors (6144K)
}
Event: 4.558 {heap After GC invocations=9 (full 0):
 garbage-first heap   total reserved 4118528K, committed 75776K, used 23890K [0x0000000704a00000, 0x0000000800000000)
  region size 2048K, 3 young (6144K), 3 survivors (6144K)
}
Event: 5.156 {heap Before GC invocations=9 (full 0):
 garbage-first heap   total reserved 4118528K, committed 75776K, used 58706K [0x0000000704a00000, 0x0000000800000000)
  region size 2048K, 21 young (43008K), 3 survivors (6144K)
}
Event: 5.160 {heap After GC invocations=10 (full 0):
 garbage-first heap   total reserved 4118528K, committed 75776K, used 25908K [0x0000000704a00000, 0x0000000800000000)
  region size 2048K, 2 young (4096K), 2 survivors (4096K)
}
Event: 5.264 {heap Before GC invocations=10 (full 0):
 garbage-first heap   total reserved 4118528K, committed 75776K, used 32052K [0x0000000704a00000, 0x0000000800000000)
  region size 2048K, 6 young (12288K), 2 survivors (4096K)
}
Event: 5.267 {heap After GC invocations=11 (full 0):
 garbage-first heap   total reserved 4118528K, committed 75776K, used 26770K [0x0000000704a00000, 0x0000000800000000)
  region size 2048K, 2 young (4096K), 2 survivors (4096K)
}
Event: 5.745 {heap Before GC invocations=12 (full 0):
 garbage-first heap   total reserved 4118528K, committed 75776K, used 61586K [0x0000000704a00000, 0x0000000800000000)
  region size 2048K, 19 young (38912K), 2 survivors (4096K)
}
Event: 5.748 {heap After GC invocations=13 (full 0):
 garbage-first heap   total reserved 4118528K, committed 75776K, used 27600K [0x0000000704a00000, 0x0000000800000000)
  region size 2048K, 2 young (4096K), 2 survivors (4096K)
}
Event: 6.256 {heap Before GC invocations=13 (full 0):
 garbage-first heap   total reserved 4118528K, committed 75776K, used 64464K [0x0000000704a00000, 0x0000000800000000)
  region size 2048K, 20 young (40960K), 2 survivors (4096K)
}
Event: 6.262 {heap After GC invocations=14 (full 0):
 garbage-first heap   total reserved 4118528K, committed 75776K, used 30065K [0x0000000704a00000, 0x0000000800000000)
  region size 2048K, 3 young (6144K), 3 survivors (6144K)
}
Event: 6.487 {heap Before GC invocations=14 (full 0):
 garbage-first heap   total reserved 4118528K, committed 75776K, used 64881K [0x0000000704a00000, 0x0000000800000000)
  region size 2048K, 20 young (40960K), 3 survivors (6144K)
}
Event: 6.492 {heap After GC invocations=15 (full 0):
 garbage-first heap   total reserved 4118528K, committed 75776K, used 31444K [0x0000000704a00000, 0x0000000800000000)
  region size 2048K, 3 young (6144K), 3 survivors (6144K)
}
Event: 6.591 {heap Before GC invocations=15 (full 0):
 garbage-first heap   total reserved 4118528K, committed 75776K, used 62164K [0x0000000704a00000, 0x0000000800000000)
  region size 2048K, 19 young (38912K), 3 survivors (6144K)
}
Event: 6.596 {heap After GC invocations=16 (full 0):
 garbage-first heap   total reserved 4118528K, committed 92160K, used 31748K [0x0000000704a00000, 0x0000000800000000)
  region size 2048K, 1 young (2048K), 1 survivors (2048K)
}
Event: 6.979 {heap Before GC invocations=17 (full 0):
 garbage-first heap   total reserved 4118528K, committed 92160K, used 80900K [0x0000000704a00000, 0x0000000800000000)
  region size 2048K, 25 young (51200K), 1 survivors (2048K)
}
Event: 6.982 {heap After GC invocations=18 (full 0):
 garbage-first heap   total reserved 4118528K, committed 92160K, used 33659K [0x0000000704a00000, 0x0000000800000000)
  region size 2048K, 2 young (4096K), 2 survivors (4096K)
}
Event: 7.828 {heap Before GC invocations=18 (full 0):
 garbage-first heap   total reserved 4118528K, committed 92160K, used 80763K [0x0000000704a00000, 0x0000000800000000)
  region size 2048K, 26 young (53248K), 2 survivors (4096K)
}
Event: 7.834 {heap After GC invocations=19 (full 0):
 garbage-first heap   total reserved 4118528K, committed 94208K, used 36549K [0x0000000704a00000, 0x0000000800000000)
  region size 2048K, 4 young (8192K), 4 survivors (8192K)
}
Event: 23.037 {heap Before GC invocations=19 (full 0):
 garbage-first heap   total reserved 4118528K, committed 94208K, used 83653K [0x0000000704a00000, 0x0000000800000000)
  region size 2048K, 27 young (55296K), 4 survivors (8192K)
}
Event: 23.043 {heap After GC invocations=20 (full 0):
 garbage-first heap   total reserved 4118528K, committed 98304K, used 40774K [0x0000000704a00000, 0x0000000800000000)
  region size 2048K, 4 young (8192K), 4 survivors (8192K)
}

