# JRE version: OpenJDK Runtime Environment Temurin-25+36 (25.0+36) (build 25+36-LTS)
# Java VM: OpenJDK 64-Bit Server VM Temurin-25+36 (25+36-LTS, mixed mode, sharing, tiered, compressed oops, compressed class ptrs, g1 gc, windows-amd64)
GC Precious Log:
 CardTable entry size: 512
 Card Set container configuration: InlinePtr #cards 4 size 8 Array Of Cards #cards 16 size 48 Howl #buckets 8 coarsen threshold 3686 Howl Bitmap #cards 512 size 80 coarsen threshold 460 Card regions per heap region 1 cards per card region 4096
 CPUs: 12 total, 12 available
 Memory: 16087M
 Large Page Support: Disabled
 NUMA Support: Disabled
 Compressed Oops: Enabled (Zero based)
 Heap Region Size: 2M
 Heap Min Capacity: 8M
 Heap Initial Capacity: 252M
 Heap Max Capacity: 4022M
 Pre-touch: Disabled
 Parallel Workers: 10
 Concurrent Workers: 3
 Concurrent Refinement Workers: 10
 Periodic GC: Disabled
Heap:
 garbage-first heap   total reserved 4118528K, committed 83968K, used 47313K [0x0000000704a00000, 0x0000000800000000)
  region size 2048K, 11 young (22528K), 3 survivors (6144K)
GC Heap Usage History (20 events):
Event: 3.421 {heap Before GC invocations=5 (full 0):
 garbage-first heap   total reserved 4118528K, committed 67584K, used 43994K [0x0000000704a00000, 0x0000000800000000)
  region size 2048K, 16 young (32768K), 2 survivors (4096K)
}
Event: 3.424 {heap After GC invocations=6 (full 0):
 garbage-first heap   total reserved 4118528K, committed 67584K, used 19554K [0x0000000704a00000, 0x0000000800000000)
  region size 2048K, 2 young (4096K), 2 survivors (4096K)
}
Event: 4.084 {heap Before GC invocations=7 (full 0):
 garbage-first heap   total reserved 4118528K, committed 67584K, used 48226K [0x0000000704a00000, 0x0000000800000000)
  region size 2048K, 17 young (34816K), 2 survivors (4096K)
}
Event: 4.089 {heap After GC invocations=8 (full 0):
 garbage-first heap   total reserved 4118528K, committed 67584K, used 21935K [0x0000000704a00000, 0x0000000800000000)
  region size 2048K, 3 young (6144K), 3 survivors (6144K)
}
Event: 4.673 {heap Before GC invocations=8 (full 0):
 garbage-first heap   total reserved 4118528K, committed 67584K, used 50607K [0x0000000704a00000, 0x0000000800000000)
  region size 2048K, 17 young (34816K), 3 survivors (6144K)
}
Event: 4.677 {heap After GC invocations=9 (full 0):
 garbage-first heap   total reserved 4118528K, committed 67584K, used 23584K [0x0000000704a00000, 0x0000000800000000)
  region size 2048K, 2 young (4096K), 2 survivors (4096K)
}
Event: 5.509 {heap Before GC invocations=9 (full 0):
 garbage-first heap   total reserved 4118528K, committed 67584K, used 52256K [0x0000000704a00000, 0x0000000800000000)
  region size 2048K, 17 young (34816K), 2 survivors (4096K)
}
Event: 5.513 {heap After GC invocations=10 (full 0):
 garbage-first heap   total reserved 4118528K, committed 67584K, used 25412K [0x0000000704a00000, 0x0000000800000000)
  region size 2048K, 2 young (4096K), 2 survivors (4096K)
}
Event: 5.849 {heap Before GC invocations=10 (full 0):
 garbage-first heap   total reserved 4118528K, committed 67584K, used 47940K [0x0000000704a00000, 0x0000000800000000)
  region size 2048K, 14 young (28672K), 2 survivors (4096K)
}
Event: 5.853 {heap After GC invocations=11 (full 0):
 garbage-first heap   total reserved 4118528K, committed 67584K, used 26886K [0x0000000704a00000, 0x0000000800000000)
  region size 2048K, 2 young (4096K), 2 survivors (4096K)
}
Event: 6.381 {heap Before GC invocations=12 (full 0):
 garbage-first heap   total reserved 4118528K, committed 67584K, used 57606K [0x0000000704a00000, 0x0000000800000000)
  region size 2048K, 17 young (34816K), 2 survivors (4096K)
}
Event: 6.385 {heap After GC invocations=13 (full 0):
 garbage-first heap   total reserved 4118528K, committed 67584K, used 28019K [0x0000000704a00000, 0x0000000800000000)
  region size 2048K, 3 young (6144K), 3 survivors (6144K)
}
Event: 6.786 {heap Before GC invocations=13 (full 0):
 garbage-first heap   total reserved 4118528K, committed 67584K, used 56691K [0x0000000704a00000, 0x0000000800000000)
  region size 2048K, 17 young (34816K), 3 survivors (6144K)
}
Event: 6.790 {heap After GC invocations=14 (full 0):
 garbage-first heap   total reserved 4118528K, committed 67584K, used 28916K [0x0000000704a00000, 0x0000000800000000)
  region size 2048K, 2 young (4096K), 2 survivors (4096K)
}
Event: 6.967 {heap Before GC invocations=14 (full 0):
 garbage-first heap   total reserved 4118528K, committed 67584K, used 59636K [0x0000000704a00000, 0x0000000800000000)
  region size 2048K, 17 young (34816K), 2 survivors (4096K)
}
Event: 6.971 {heap After GC invocations=15 (full 0):
 garbage-first heap   total reserved 4118528K, committed 67584K, used 30776K [0x0000000704a00000, 0x0000000800000000)
  region size 2048K, 3 young (6144K), 3 survivors (6144K)
}
Event: 7.035 {heap Before GC invocations=15 (full 0):
 garbage-first heap   total reserved 4118528K, committed 67584K, used 59448K [0x0000000704a00000, 0x0000000800000000)
  region size 2048K, 17 young (34816K), 3 survivors (6144K)
}
Event: 7.039 {heap After GC invocations=16 (full 0):
 garbage-first heap   total reserved 4118528K, committed 83968K, used 31573K [0x0000000704a00000, 0x0000000800000000)
  region size 2048K, 2 young (4096K), 2 survivors (4096K)
}
Event: 7.411 {heap Before GC invocations=17 (full 0):
 garbage-first heap   total reserved 4118528K, committed 83968K, used 68437K [0x0000000704a00000, 0x0000000800000000)
  region size 2048K, 21 young (43008K), 2 survivors (4096K)
}
Event: 7.414 {heap After GC invocations=18 (full 0):
 garbage-first heap   total reserved 4118528K, committed 83968K, used 32977K [0x0000000704a00000, 0x0000000800000000)
  region size 2048K, 3 young (6144K), 3 survivors (6144K)
}

