# JRE version: OpenJDK Runtime Environment Temurin-25+36 (25.0+36) (build 25+36-LTS)
# Java VM: OpenJDK 64-Bit Server VM Temurin-25+36 (25+36-LTS, mixed mode, sharing, tiered, compressed oops, compressed class ptrs, g1 gc, windows-amd64)
GC Precious Log:
 CardTable entry size: 512
 Card Set container configuration: InlinePtr #cards 4 size 8 Array Of Cards #cards 16 size 48 Howl #buckets 8 coarsen threshold 3686 Howl Bitmap #cards 512 size 80 coarsen threshold 460 Card regions per heap region 1 cards per card region 4096
 CPUs: 12 total, 12 available
 Memory: 16087M
 Large Page Support: Disabled
 NUMA Support: Disabled
 Compressed Oops: Enabled (Zero based)
 Heap Region Size: 2M
 Heap Min Capacity: 8M
 Heap Initial Capacity: 252M
 Heap Max Capacity: 4022M
 Pre-touch: Disabled
 Parallel Workers: 10
 Concurrent Workers: 3
 Concurrent Refinement Workers: 10
 Periodic GC: Disabled
Heap:
 garbage-first heap   total reserved 4118528K, committed 63488K, used 37298K [0x0000000704a00000, 0x0000000800000000)
  region size 2048K, 2 young (4096K), 2 survivors (4096K)
GC Heap Usage History (20 events):
Event: 4.925 {heap After GC invocations=12 (full 0):
 garbage-first heap   total reserved 4118528K, committed 61440K, used 25632K [0x0000000704a00000, 0x0000000800000000)
  region size 2048K, 2 young (4096K), 2 survivors (4096K)
}
Event: 5.042 {heap Before GC invocations=12 (full 0):
 garbage-first heap   total reserved 4118528K, committed 61440K, used 33824K [0x0000000704a00000, 0x0000000800000000)
  region size 2048K, 7 young (14336K), 2 survivors (4096K)
}
Event: 5.046 {heap After GC invocations=13 (full 0):
 garbage-first heap   total reserved 4118528K, committed 61440K, used 26123K [0x0000000704a00000, 0x0000000800000000)
  region size 2048K, 1 young (2048K), 1 survivors (2048K)
}
Event: 5.468 {heap Before GC invocations=14 (full 0):
 garbage-first heap   total reserved 4118528K, committed 61440K, used 54795K [0x0000000704a00000, 0x0000000800000000)
  region size 2048K, 15 young (30720K), 1 survivors (2048K)
}
Event: 5.470 {heap After GC invocations=15 (full 0):
 garbage-first heap   total reserved 4118528K, committed 61440K, used 27245K [0x0000000704a00000, 0x0000000800000000)
  region size 2048K, 2 young (4096K), 2 survivors (4096K)
}
Event: 5.948 {heap Before GC invocations=15 (full 0):
 garbage-first heap   total reserved 4118528K, committed 61440K, used 51821K [0x0000000704a00000, 0x0000000800000000)
  region size 2048K, 15 young (30720K), 2 survivors (4096K)
}
Event: 5.953 {heap After GC invocations=16 (full 0):
 garbage-first heap   total reserved 4118528K, committed 63488K, used 28472K [0x0000000704a00000, 0x0000000800000000)
  region size 2048K, 2 young (4096K), 2 survivors (4096K)
}
Event: 6.110 {heap Before GC invocations=16 (full 0):
 garbage-first heap   total reserved 4118528K, committed 63488K, used 55096K [0x0000000704a00000, 0x0000000800000000)
  region size 2048K, 15 young (30720K), 2 survivors (4096K)
}
Event: 6.115 {heap After GC invocations=17 (full 0):
 garbage-first heap   total reserved 4118528K, committed 63488K, used 30093K [0x0000000704a00000, 0x0000000800000000)
  region size 2048K, 2 young (4096K), 2 survivors (4096K)
}
Event: 6.271 {heap Before GC invocations=17 (full 0):
 garbage-first heap   total reserved 4118528K, committed 63488K, used 54669K [0x0000000704a00000, 0x0000000800000000)
  region size 2048K, 14 young (28672K), 2 survivors (4096K)
}
Event: 6.275 {heap After GC invocations=18 (full 0):
 garbage-first heap   total reserved 4118528K, committed 63488K, used 31340K [0x0000000704a00000, 0x0000000800000000)
  region size 2048K, 2 young (4096K), 2 survivors (4096K)
}
Event: 6.348 {heap Before GC invocations=19 (full 0):
 garbage-first heap   total reserved 4118528K, committed 63488K, used 55916K [0x0000000704a00000, 0x0000000800000000)
  region size 2048K, 14 young (28672K), 2 survivors (4096K)
}
Event: 6.351 {heap After GC invocations=20 (full 0):
 garbage-first heap   total reserved 4118528K, committed 63488K, used 31729K [0x0000000704a00000, 0x0000000800000000)
  region size 2048K, 1 young (2048K), 1 survivors (2048K)
}
Event: 6.614 {heap Before GC invocations=20 (full 0):
 garbage-first heap   total reserved 4118528K, committed 63488K, used 54257K [0x0000000704a00000, 0x0000000800000000)
  region size 2048K, 13 young (26624K), 1 survivors (2048K)
}
Event: 6.618 {heap After GC invocations=21 (full 0):
 garbage-first heap   total reserved 4118528K, committed 63488K, used 32803K [0x0000000704a00000, 0x0000000800000000)
  region size 2048K, 2 young (4096K), 2 survivors (4096K)
}
Event: 7.004 {heap Before GC invocations=21 (full 0):
 garbage-first heap   total reserved 4118528K, committed 63488K, used 55331K [0x0000000704a00000, 0x0000000800000000)
  region size 2048K, 13 young (26624K), 2 survivors (4096K)
}
Event: 7.008 {heap After GC invocations=22 (full 0):
 garbage-first heap   total reserved 4118528K, committed 63488K, used 34572K [0x0000000704a00000, 0x0000000800000000)
  region size 2048K, 2 young (4096K), 2 survivors (4096K)
}
Event: 7.342 {heap Before GC invocations=23 (full 0):
 garbage-first heap   total reserved 4118528K, committed 63488K, used 55052K [0x0000000704a00000, 0x0000000800000000)
  region size 2048K, 12 young (24576K), 2 survivors (4096K)
}
Event: 7.346 {heap After GC invocations=24 (full 0):
 garbage-first heap   total reserved 4118528K, committed 63488K, used 36000K [0x0000000704a00000, 0x0000000800000000)
  region size 2048K, 2 young (4096K), 2 survivors (4096K)
}
Event: 7.671 {heap Before GC invocations=24 (full 0):
 garbage-first heap   total reserved 4118528K, committed 63488K, used 52384K [0x0000000704a00000, 0x0000000800000000)
  region size 2048K, 11 young (22528K), 2 survivors (4096K)
}

